{"message":"Loading Database","level":"info","service":"user-service"}
{"service":"user-service","mongooseUrl":"mongodb+srv://sreehariv:YJROU5dkhczqslzc@cluster0.unq19.mongodb.net/testdb?retryWrites=true&w=majority","port":"3000","level":"info","message":"dsn:"}
{"message":"Loading Server","level":"info","service":"user-service"}
{"message":{"mongooseUrl":"mongodb+srv://sreehariv:YJROU5dkhczqslzc@cluster0.unq19.mongodb.net/testdb?retryWrites=true&w=majority","port":"3000"},"level":"info","service":"user-service"}
{"message":"server started at http://localhost:3000","level":"info","service":"user-service"}
{"level":"info","service":"user-service"}
{"message":"Loading Database","level":"info","service":"user-service"}
{"service":"user-service","mongooseUrl":"mongodb+srv://sreehariv:YJROU5dkhczqslzc@cluster0.unq19.mongodb.net/testdb?retryWrites=true&w=majority","port":"3000","level":"info","message":"dsn:"}
{"message":"Loading Server","level":"info","service":"user-service"}
{"message":{"mongooseUrl":"mongodb+srv://sreehariv:YJROU5dkhczqslzc@cluster0.unq19.mongodb.net/testdb?retryWrites=true&w=majority","port":"3000"},"level":"info","service":"user-service"}
{"message":"server started at http://localhost:3000","level":"info","service":"user-service"}
{"message":"Loaded Database","level":"info","service":"user-service"}
{"message":"Loading Database","level":"info","service":"user-service"}
{"service":"user-service","mongooseUrl":"mongodb+srv://sreehariv:YJROU5dkhczqslzc@cluster0.unq19.mongodb.net/testdb?retryWrites=true&w=majority","port":"3000","level":"info","message":"dsn:"}
{"message":"Loading Server","level":"info","service":"user-service"}
{"message":{"mongooseUrl":"mongodb+srv://sreehariv:YJROU5dkhczqslzc@cluster0.unq19.mongodb.net/testdb?retryWrites=true&w=majority","port":"3000"},"level":"info","service":"user-service"}
{"message":"server started at http://localhost:3000","level":"info","service":"user-service"}
{"message":"Loading Database","level":"info","service":"user-service"}
{"service":"user-service","mongooseUrl":"mongodb+srv://sreehariv:YJROU5dkhczqslzc@cluster0.unq19.mongodb.net/testdb?retryWrites=true&w=majority","port":"3000","level":"info","message":"dsn:"}
{"message":"Loading Server","level":"info","service":"user-service"}
{"message":{"mongooseUrl":"mongodb+srv://sreehariv:YJROU5dkhczqslzc@cluster0.unq19.mongodb.net/testdb?retryWrites=true&w=majority","port":"3000"},"level":"info","service":"user-service"}
{"message":"server started at http://localhost:3000","level":"info","service":"user-service"}
{"message":"Loaded Database","level":"info","service":"user-service"}
{"message":"Loading Database","level":"info","service":"user-service"}
{"service":"user-service","mongooseUrl":"mongodb+srv://sreehariv:YJROU5dkhczqslzc@cluster0.unq19.mongodb.net/testdb?retryWrites=true&w=majority","port":"3000","level":"info","message":"dsn:"}
{"message":"Loading Server","level":"info","service":"user-service"}
{"message":{"mongooseUrl":"mongodb+srv://sreehariv:YJROU5dkhczqslzc@cluster0.unq19.mongodb.net/testdb?retryWrites=true&w=majority","port":"3000"},"level":"info","service":"user-service"}
{"message":"server started at http://localhost:3000","level":"info","service":"user-service"}
{"message":"Loaded Database","level":"info","service":"user-service"}
{"message":"Loading Database","level":"info","service":"user-service"}
{"service":"user-service","mongooseUrl":"mongodb+srv://sreehariv:YJROU5dkhczqslzc@cluster0.unq19.mongodb.net/testdb?retryWrites=true&w=majority","port":"3000","level":"info","message":"dsn:"}
{"message":"Loading Server","level":"info","service":"user-service"}
{"message":{"mongooseUrl":"mongodb+srv://sreehariv:YJROU5dkhczqslzc@cluster0.unq19.mongodb.net/testdb?retryWrites=true&w=majority","port":"3000"},"level":"info","service":"user-service"}
{"message":"server started at http://localhost:3000","level":"info","service":"user-service"}
{"message":"Loading Database","level":"info","service":"user-service"}
{"service":"user-service","mongooseUrl":"mongodb+srv://sreehariv:YJROU5dkhczqslzc@cluster0.unq19.mongodb.net/testdb?retryWrites=true&w=majority","port":"3000","level":"info","message":"dsn:"}
{"message":"Loading Server","level":"info","service":"user-service"}
{"message":{"mongooseUrl":"mongodb+srv://sreehariv:YJROU5dkhczqslzc@cluster0.unq19.mongodb.net/testdb?retryWrites=true&w=majority","port":"3000"},"level":"info","service":"user-service"}
{"message":"server started at http://localhost:3000","level":"info","service":"user-service"}
{"message":"Loaded Database","level":"info","service":"user-service"}
{"message":"Loading Database","level":"info","service":"user-service"}
{"service":"user-service","mongooseUrl":"mongodb+srv://sreehariv:YJROU5dkhczqslzc@cluster0.unq19.mongodb.net/testdb?retryWrites=true&w=majority","port":"3000","level":"info","message":"dsn:"}
{"message":"Loading Server","level":"info","service":"user-service"}
{"message":{"mongooseUrl":"mongodb+srv://sreehariv:YJROU5dkhczqslzc@cluster0.unq19.mongodb.net/testdb?retryWrites=true&w=majority","port":"3000"},"level":"info","service":"user-service"}
{"message":"server started at http://localhost:3000","level":"info","service":"user-service"}
{"message":"Loaded Database","level":"info","service":"user-service"}
{"message":"Loading Database","level":"info","service":"user-service"}
{"service":"user-service","mongooseUrl":"mongodb+srv://sreehariv:YJROU5dkhczqslzc@cluster0.unq19.mongodb.net/testdb?retryWrites=true&w=majority","port":"3000","level":"info","message":"dsn:"}
{"message":"Loading Server","level":"info","service":"user-service"}
{"message":{"mongooseUrl":"mongodb+srv://sreehariv:YJROU5dkhczqslzc@cluster0.unq19.mongodb.net/testdb?retryWrites=true&w=majority","port":"3000"},"level":"info","service":"user-service"}
{"message":"server started at http://localhost:3000","level":"info","service":"user-service"}
{"message":"Loaded Database","level":"info","service":"user-service"}
{"message":"Outside try block","level":"info","service":"user-service"}
{"service":"user-service","level":"info","message":"find member"}
{"message":"Loading Database","level":"info","service":"user-service"}
{"service":"user-service","mongooseUrl":"mongodb+srv://sreehariv:YJROU5dkhczqslzc@cluster0.unq19.mongodb.net/testdb?retryWrites=true&w=majority","port":"3000","level":"info","message":"dsn:"}
{"message":"Loading Server","level":"info","service":"user-service"}
{"message":{"mongooseUrl":"mongodb+srv://sreehariv:YJROU5dkhczqslzc@cluster0.unq19.mongodb.net/testdb?retryWrites=true&w=majority","port":"3000"},"level":"info","service":"user-service"}
{"message":"server started at http://localhost:3000","level":"info","service":"user-service"}
{"message":"Loaded Database","level":"info","service":"user-service"}
{"message":"Loading Database","level":"info","service":"user-service"}
{"service":"user-service","mongooseUrl":"mongodb+srv://sreehariv:YJROU5dkhczqslzc@cluster0.unq19.mongodb.net/testdb?retryWrites=true&w=majority","port":"3000","level":"info","message":"dsn:"}
{"message":"Loading Server","level":"info","service":"user-service"}
{"message":{"mongooseUrl":"mongodb+srv://sreehariv:YJROU5dkhczqslzc@cluster0.unq19.mongodb.net/testdb?retryWrites=true&w=majority","port":"3000"},"level":"info","service":"user-service"}
{"message":"server started at http://localhost:3000","level":"info","service":"user-service"}
{"message":"Loaded Database","level":"info","service":"user-service"}
{"message":"Loading Database","level":"info","service":"user-service"}
{"service":"user-service","mongooseUrl":"mongodb+srv://sreehariv:YJROU5dkhczqslzc@cluster0.unq19.mongodb.net/testdb?retryWrites=true&w=majority","port":"3000","level":"info","message":"dsn:"}
{"message":"Loading Server","level":"info","service":"user-service"}
{"message":{"mongooseUrl":"mongodb+srv://sreehariv:YJROU5dkhczqslzc@cluster0.unq19.mongodb.net/testdb?retryWrites=true&w=majority","port":"3000"},"level":"info","service":"user-service"}
{"message":"server started at http://localhost:3000","level":"info","service":"user-service"}
{"message":"Loaded Database","level":"info","service":"user-service"}
{"message":"Loading Database","level":"info","service":"user-service"}
{"service":"user-service","mongooseUrl":"mongodb+srv://sreehariv:YJROU5dkhczqslzc@cluster0.unq19.mongodb.net/testdb?retryWrites=true&w=majority","port":"3000","level":"info","message":"dsn:"}
{"message":"Loading Server","level":"info","service":"user-service"}
{"message":{"mongooseUrl":"mongodb+srv://sreehariv:YJROU5dkhczqslzc@cluster0.unq19.mongodb.net/testdb?retryWrites=true&w=majority","port":"3000"},"level":"info","service":"user-service"}
{"message":"server started at http://localhost:3000","level":"info","service":"user-service"}
{"message":"Loaded Database","level":"info","service":"user-service"}
{"message":"Loading Database","level":"info","service":"user-service"}
{"service":"user-service","mongooseUrl":"mongodb+srv://sreehariv:YJROU5dkhczqslzc@cluster0.unq19.mongodb.net/testdb?retryWrites=true&w=majority","port":"3000","level":"info","message":"dsn:"}
{"message":"Loading Server","level":"info","service":"user-service"}
{"message":{"mongooseUrl":"mongodb+srv://sreehariv:YJROU5dkhczqslzc@cluster0.unq19.mongodb.net/testdb?retryWrites=true&w=majority","port":"3000"},"level":"info","service":"user-service"}
{"message":"server started at http://localhost:3000","level":"info","service":"user-service"}
{"message":"Loaded Database","level":"info","service":"user-service"}
{"message":"Loading Database","level":"info","service":"user-service"}
{"service":"user-service","mongooseUrl":"mongodb+srv://sreehariv:YJROU5dkhczqslzc@cluster0.unq19.mongodb.net/testdb?retryWrites=true&w=majority","port":"3000","level":"info","message":"dsn:"}
{"message":"Loading Server","level":"info","service":"user-service"}
{"message":{"mongooseUrl":"mongodb+srv://sreehariv:YJROU5dkhczqslzc@cluster0.unq19.mongodb.net/testdb?retryWrites=true&w=majority","port":"3000"},"level":"info","service":"user-service"}
{"message":"server started at http://localhost:3000","level":"info","service":"user-service"}
{"message":"Loaded Database","level":"info","service":"user-service"}
{"message":"Loading Database","level":"info","service":"user-service"}
{"service":"user-service","mongooseUrl":"mongodb+srv://sreehariv:YJROU5dkhczqslzc@cluster0.unq19.mongodb.net/testdb?retryWrites=true&w=majority","port":"3000","level":"info","message":"dsn:"}
{"message":"Loading Server","level":"info","service":"user-service"}
{"message":{"mongooseUrl":"mongodb+srv://sreehariv:YJROU5dkhczqslzc@cluster0.unq19.mongodb.net/testdb?retryWrites=true&w=majority","port":"3000"},"level":"info","service":"user-service"}
{"message":"server started at http://localhost:3000","level":"info","service":"user-service"}
{"message":"Loaded Database","level":"info","service":"user-service"}
{"message":"Loading Database","level":"info","service":"user-service"}
{"service":"user-service","mongooseUrl":"mongodb+srv://sreehariv:YJROU5dkhczqslzc@cluster0.unq19.mongodb.net/testdb?retryWrites=true&w=majority","port":"3000","level":"info","message":"dsn:"}
{"message":"Loading Server","level":"info","service":"user-service"}
{"message":{"mongooseUrl":"mongodb+srv://sreehariv:YJROU5dkhczqslzc@cluster0.unq19.mongodb.net/testdb?retryWrites=true&w=majority","port":"3000"},"level":"info","service":"user-service"}
{"message":"server started at http://localhost:3000","level":"info","service":"user-service"}
{"message":"Loading Database","level":"info","service":"user-service"}
{"service":"user-service","mongooseUrl":"mongodb+srv://sreehariv:YJROU5dkhczqslzc@cluster0.unq19.mongodb.net/testdb?retryWrites=true&w=majority","port":"3000","level":"info","message":"dsn:"}
{"message":"Loading Server","level":"info","service":"user-service"}
{"message":{"mongooseUrl":"mongodb+srv://sreehariv:YJROU5dkhczqslzc@cluster0.unq19.mongodb.net/testdb?retryWrites=true&w=majority","port":"3000"},"level":"info","service":"user-service"}
{"message":"server started at http://localhost:3000","level":"info","service":"user-service"}
{"message":"Loaded Database","level":"info","service":"user-service"}
{"message":"Loading Database","level":"info","service":"user-service"}
{"service":"user-service","mongooseUrl":"mongodb+srv://sreehariv:YJROU5dkhczqslzc@cluster0.unq19.mongodb.net/testdb?retryWrites=true&w=majority","port":"3000","level":"info","message":"dsn:"}
{"message":"Loading Server","level":"info","service":"user-service"}
{"message":{"mongooseUrl":"mongodb+srv://sreehariv:YJROU5dkhczqslzc@cluster0.unq19.mongodb.net/testdb?retryWrites=true&w=majority","port":"3000"},"level":"info","service":"user-service"}
{"message":"server started at http://localhost:3000","level":"info","service":"user-service"}
{"message":"Loaded Database","level":"info","service":"user-service"}
{"message":"Loading Database","level":"info","service":"user-service"}
{"service":"user-service","mongooseUrl":"mongodb+srv://sreehariv:YJROU5dkhczqslzc@cluster0.unq19.mongodb.net/testdb?retryWrites=true&w=majority","port":"3000","level":"info","message":"dsn:"}
{"message":"Loading Server","level":"info","service":"user-service"}
{"message":{"mongooseUrl":"mongodb+srv://sreehariv:YJROU5dkhczqslzc@cluster0.unq19.mongodb.net/testdb?retryWrites=true&w=majority","port":"3000"},"level":"info","service":"user-service"}
{"message":"server started at http://localhost:3000","level":"info","service":"user-service"}
{"message":"Loaded Database","level":"info","service":"user-service"}
{"message":"Loading Database","level":"info","service":"user-service"}
{"service":"user-service","mongooseUrl":"mongodb+srv://sreehariv:YJROU5dkhczqslzc@cluster0.unq19.mongodb.net/testdb?retryWrites=true&w=majority","port":"3000","level":"info","message":"dsn:"}
{"message":"Loading Server","level":"info","service":"user-service"}
{"message":{"mongooseUrl":"mongodb+srv://sreehariv:YJROU5dkhczqslzc@cluster0.unq19.mongodb.net/testdb?retryWrites=true&w=majority","port":"3000"},"level":"info","service":"user-service"}
{"message":"server started at http://localhost:3000","level":"info","service":"user-service"}
{"message":"Loaded Database","level":"info","service":"user-service"}
{"message":"Loading Database","level":"info","service":"user-service"}
{"service":"user-service","mongooseUrl":"mongodb+srv://sreehariv:YJROU5dkhczqslzc@cluster0.unq19.mongodb.net/testdb?retryWrites=true&w=majority","port":"3000","level":"info","message":"dsn:"}
{"message":"Loading Server","level":"info","service":"user-service"}
{"message":{"mongooseUrl":"mongodb+srv://sreehariv:YJROU5dkhczqslzc@cluster0.unq19.mongodb.net/testdb?retryWrites=true&w=majority","port":"3000"},"level":"info","service":"user-service"}
{"message":"server started at http://localhost:3000","level":"info","service":"user-service"}
{"message":"Loaded Database","level":"info","service":"user-service"}
{"message":"Loading Database","level":"info","service":"user-service"}
{"service":"user-service","mongooseUrl":"mongodb+srv://sreehariv:YJROU5dkhczqslzc@cluster0.unq19.mongodb.net/testdb?retryWrites=true&w=majority","port":"3000","level":"info","message":"dsn:"}
{"message":"Loading Server","level":"info","service":"user-service"}
{"message":{"mongooseUrl":"mongodb+srv://sreehariv:YJROU5dkhczqslzc@cluster0.unq19.mongodb.net/testdb?retryWrites=true&w=majority","port":"3000"},"level":"info","service":"user-service"}
{"message":"server started at http://localhost:3000","level":"info","service":"user-service"}
{"message":"Loaded Database","level":"info","service":"user-service"}
{"message":"Loading Database","level":"info","service":"user-service"}
{"service":"user-service","mongooseUrl":"mongodb+srv://sreehariv:YJROU5dkhczqslzc@cluster0.unq19.mongodb.net/testdb?retryWrites=true&w=majority","port":"3000","level":"info","message":"dsn:"}
{"message":"Loading Server","level":"info","service":"user-service"}
{"message":{"mongooseUrl":"mongodb+srv://sreehariv:YJROU5dkhczqslzc@cluster0.unq19.mongodb.net/testdb?retryWrites=true&w=majority","port":"3000"},"level":"info","service":"user-service"}
{"message":"server started at http://localhost:3000","level":"info","service":"user-service"}
{"message":"Loaded Database","level":"info","service":"user-service"}
{"message":"Loading Database","level":"info","service":"user-service"}
{"service":"user-service","mongooseUrl":"mongodb+srv://sreehariv:YJROU5dkhczqslzc@cluster0.unq19.mongodb.net/testdb?retryWrites=true&w=majority","port":"3000","level":"info","message":"dsn:"}
{"message":"Loading Server","level":"info","service":"user-service"}
{"message":{"mongooseUrl":"mongodb+srv://sreehariv:YJROU5dkhczqslzc@cluster0.unq19.mongodb.net/testdb?retryWrites=true&w=majority","port":"3000"},"level":"info","service":"user-service"}
{"message":"server started at http://localhost:3000","level":"info","service":"user-service"}
{"message":"Loaded Database","level":"info","service":"user-service"}
{"message":"Outside try block","level":"info","service":"user-service"}
{"service":"user-service","name":"Deepika Rao","gender":"Female","DOB":"04-Dec-1985","level":"info","message":"Creating member"}
{"service":"user-service","errors":{"email":{"name":"ValidatorError","message":"Path `email` is required.","properties":{"message":"Path `email` is required.","type":"required","path":"email"},"kind":"required","path":"email"}},"_message":"Member validation failed","level":"info","message":"Failed to add member: Member validation failed: email: Path `email` is required.","stack":"ValidationError: Member validation failed: email: Path `email` is required.\n    at model.Document.invalidate (/home/sreehari/js_projects/myfamily_node_type/node_modules/mongoose/lib/document.js:2626:32)\n    at /home/sreehari/js_projects/myfamily_node_type/node_modules/mongoose/lib/document.js:2446:17\n    at /home/sreehari/js_projects/myfamily_node_type/node_modules/mongoose/lib/schematype.js:1225:9\n    at processTicksAndRejections (internal/process/task_queues.js:79:11)"}
{"message":"Loading Database","level":"info","service":"user-service"}
{"service":"user-service","mongooseUrl":"mongodb+srv://sreehariv:YJROU5dkhczqslzc@cluster0.unq19.mongodb.net/testdb?retryWrites=true&w=majority","port":"3000","level":"info","message":"dsn:"}
{"message":"Loading Server","level":"info","service":"user-service"}
{"message":{"mongooseUrl":"mongodb+srv://sreehariv:YJROU5dkhczqslzc@cluster0.unq19.mongodb.net/testdb?retryWrites=true&w=majority","port":"3000"},"level":"info","service":"user-service"}
{"message":"server started at http://localhost:3000","level":"info","service":"user-service"}
{"message":"Loaded Database","level":"info","service":"user-service"}
{"message":"Loading Database","level":"info","service":"user-service"}
{"service":"user-service","mongooseUrl":"mongodb+srv://sreehariv:YJROU5dkhczqslzc@cluster0.unq19.mongodb.net/testdb?retryWrites=true&w=majority","port":"3000","level":"info","message":"dsn:"}
{"message":"Loading Server","level":"info","service":"user-service"}
{"message":{"mongooseUrl":"mongodb+srv://sreehariv:YJROU5dkhczqslzc@cluster0.unq19.mongodb.net/testdb?retryWrites=true&w=majority","port":"3000"},"level":"info","service":"user-service"}
{"message":"server started at http://localhost:3000","level":"info","service":"user-service"}
{"message":"Loaded Database","level":"info","service":"user-service"}
{"message":"Outside try block","level":"info","service":"user-service"}
{"service":"user-service","name":"Deepika Rao","gender":"Female","DOB":"04-Dec-1985","email":"gdrao4128@gmail.com","level":"info","message":"Creating member"}
{"service":"user-service","errors":{"email":{"name":"ValidatorError","message":"Path `email` is required.","properties":{"message":"Path `email` is required.","type":"required","path":"email"},"kind":"required","path":"email"}},"_message":"Member validation failed","level":"info","message":"Failed to add member: Member validation failed: email: Path `email` is required.","stack":"ValidationError: Member validation failed: email: Path `email` is required.\n    at model.Document.invalidate (/home/sreehari/js_projects/myfamily_node_type/node_modules/mongoose/lib/document.js:2626:32)\n    at /home/sreehari/js_projects/myfamily_node_type/node_modules/mongoose/lib/document.js:2446:17\n    at /home/sreehari/js_projects/myfamily_node_type/node_modules/mongoose/lib/schematype.js:1225:9\n    at processTicksAndRejections (internal/process/task_queues.js:79:11)"}
{"message":"Loading Database","level":"info","service":"user-service"}
{"service":"user-service","mongooseUrl":"mongodb+srv://sreehariv:YJROU5dkhczqslzc@cluster0.unq19.mongodb.net/testdb?retryWrites=true&w=majority","port":"3000","level":"info","message":"dsn:"}
{"message":"Loading Server","level":"info","service":"user-service"}
{"message":{"mongooseUrl":"mongodb+srv://sreehariv:YJROU5dkhczqslzc@cluster0.unq19.mongodb.net/testdb?retryWrites=true&w=majority","port":"3000"},"level":"info","service":"user-service"}
{"message":"server started at http://localhost:3000","level":"info","service":"user-service"}
{"message":"Loaded Database","level":"info","service":"user-service"}
{"message":"Loading Database","level":"info","service":"user-service"}
{"service":"user-service","mongooseUrl":"mongodb+srv://sreehariv:YJROU5dkhczqslzc@cluster0.unq19.mongodb.net/testdb?retryWrites=true&w=majority","port":"3000","level":"info","message":"dsn:"}
{"message":"Loading Server","level":"info","service":"user-service"}
{"message":{"mongooseUrl":"mongodb+srv://sreehariv:YJROU5dkhczqslzc@cluster0.unq19.mongodb.net/testdb?retryWrites=true&w=majority","port":"3000"},"level":"info","service":"user-service"}
{"message":"server started at http://localhost:3000","level":"info","service":"user-service"}
{"message":"Loaded Database","level":"info","service":"user-service"}
{"message":"Outside try block","level":"info","service":"user-service"}
{"service":"user-service","name":"Deepika Rao","gender":"Female","DOB":"04-Dec-1985","email":"gdrao4128@gmail.com","level":"info","message":"Creating member"}
{"message":"Outside try block","level":"info","service":"user-service"}
{"service":"user-service","name":"Deepika Rao","gender":"Female","DOB":"04-Dec-1985","email":"gdrao4128@gmail.com","level":"info","message":"Creating member"}
{"service":"user-service","driver":true,"name":"MongoError","index":0,"code":11000,"keyPattern":{"email":1},"keyValue":{"email":"gdrao4128@gmail.com"},"level":"info","message":"Failed to add member: E11000 duplicate key error collection: testdb.members index: email_1 dup key: { email: \"gdrao4128@gmail.com\" }","stack":"MongoError: E11000 duplicate key error collection: testdb.members index: email_1 dup key: { email: \"gdrao4128@gmail.com\" }\n    at Function.create (/home/sreehari/js_projects/myfamily_node_type/node_modules/mongodb/lib/core/error.js:57:12)\n    at toError (/home/sreehari/js_projects/myfamily_node_type/node_modules/mongodb/lib/utils.js:123:22)\n    at /home/sreehari/js_projects/myfamily_node_type/node_modules/mongodb/lib/operations/common_functions.js:265:39\n    at handler (/home/sreehari/js_projects/myfamily_node_type/node_modules/mongodb/lib/core/topologies/replset.js:1204:22)\n    at /home/sreehari/js_projects/myfamily_node_type/node_modules/mongodb/lib/core/connection/pool.js:405:18\n    at processTicksAndRejections (internal/process/task_queues.js:79:11)"}
{"message":"Outside try block","level":"info","service":"user-service"}
{"service":"user-service","name":"Deepika Rao","gender":"Female","DOB":"04-Dec-1986","email":"gdrao4128@gmail.com","level":"info","message":"Creating member"}
{"service":"user-service","driver":true,"name":"MongoError","index":0,"code":11000,"keyPattern":{"email":1},"keyValue":{"email":"gdrao4128@gmail.com"},"level":"info","message":"Failed to add member: E11000 duplicate key error collection: testdb.members index: email_1 dup key: { email: \"gdrao4128@gmail.com\" }","stack":"MongoError: E11000 duplicate key error collection: testdb.members index: email_1 dup key: { email: \"gdrao4128@gmail.com\" }\n    at Function.create (/home/sreehari/js_projects/myfamily_node_type/node_modules/mongodb/lib/core/error.js:57:12)\n    at toError (/home/sreehari/js_projects/myfamily_node_type/node_modules/mongodb/lib/utils.js:123:22)\n    at /home/sreehari/js_projects/myfamily_node_type/node_modules/mongodb/lib/operations/common_functions.js:265:39\n    at handler (/home/sreehari/js_projects/myfamily_node_type/node_modules/mongodb/lib/core/topologies/replset.js:1204:22)\n    at /home/sreehari/js_projects/myfamily_node_type/node_modules/mongodb/lib/core/connection/pool.js:405:18\n    at processTicksAndRejections (internal/process/task_queues.js:79:11)"}
{"message":"Outside try block","level":"info","service":"user-service"}
{"service":"user-service","level":"info","message":"find member"}
